DEBUG:digestor.sdss.main:656: options.fits = 'dr16q_datalab.fits'
DEBUG:digestor.sdss.main:657: options.sql = 'dr16q.sql'
DEBUG:digestor.sdss.main:658: options.schema = 'sdss_dr16'
DEBUG:digestor.sdss.main:659: options.table = 'dr16q'
DEBUG:digestor.sdss.main:660: options.output_sql = 'sdss_dr16.dr16q.sql'
DEBUG:digestor.sdss.main:661: options.output_json = 'sdss_dr16.dr16q.json'
DEBUG:digestor.sdss.main:662: options.log = 'dr16q.log'
DEBUG:digestor.base.Digestor._getYAML:230: Opening /dl2/data/sdss_dr16vac_load/digestor/digestor/data/sdss.yaml.
INFO:digestor.base.Digestor.addDLColumns:431: Removing existing file: dr16q_datalab.stilts.fits.
DEBUG:digestor.base.Digestor.addDLColumns:443: stilts tpipe in=dr16q_datalab.fits cmd=addcol -ucd meta.id -after specobjid sdss_joinid "(((long)plate<<50)|((long)fiberid<<38)|(((long)mjd-(long)50000)<<24))"; cmd=addcol htm9 (int)htmIndex(9,ra,dec) cmd=addcol ring256 (int)healpixRingIndex(8,ra,dec) cmd=addcol nest4096 (int)healpixNestIndex(12,ra,dec) cmd=addskycoords -inunit deg -outunit deg icrs ecliptic ra dec elon elat cmd=addskycoords -inunit deg -outunit deg icrs galactic ra dec glon glat ofmt=fits-basic out=dr16q_datalab.stilts.fits
DEBUG:digestor.sdss.SDSS.parseLine:99: self.tapSchema['tables'][8]['description'] += 'The DR16 QSO Catalog (v4)'
DEBUG:digestor.sdss.SDSS.parseLine:102: self.tapSchema['tables'][8]['long_description'] += 'DR16Q is the final quasar catalog of SDSS-IV, associated with the sixteenth'
DEBUG:digestor.sdss.SDSS.parseLine:102: self.tapSchema['tables'][8]['long_description'] += 'data release. The catalog is documented in more detail at the DR16Q VAC algorithm'
DEBUG:digestor.sdss.SDSS.parseLine:102: self.tapSchema['tables'][8]['long_description'] += 'page, which also includes a link to the ApJS paper (Lyke et al. 2020). The catalog'
DEBUG:digestor.sdss.SDSS.parseLine:102: self.tapSchema['tables'][8]['long_description'] += 'contains spectroscopic and photometric data for over 750,000 quasars. To ensure'
DEBUG:digestor.sdss.SDSS.parseLine:102: self.tapSchema['tables'][8]['long_description'] += 'completeness, known quasars from previous catalog releases (DR7Q and DR12Q) have'
DEBUG:digestor.sdss.SDSS.parseLine:102: self.tapSchema['tables'][8]['long_description'] += 'also been included. This catalog is taken from objects in the DR16Q Superset. The'
DEBUG:digestor.sdss.SDSS.parseLine:102: self.tapSchema['tables'][8]['long_description'] += 'file for this quasar catalog can be found at'
DEBUG:digestor.sdss.SDSS.parseLine:102: self.tapSchema['tables'][8]['long_description'] += 'https://data.sdss.org/sas/dr16/eboss/qso/DR16Q/DR16Q_v4.fits'
DEBUG:digestor.sdss.SDSS.parseLine:115:     specobjid bigint NOT NULL,
DEBUG:digestor.sdss.SDSS.parseLine:116: metadata = '--/D Unique database ID based on PLATE, MJD, FIBERID, RUN2D --/K ID_CATALOG'
DEBUG:digestor.sdss.SDSS.parseColumnMetadata:177: p['description'] = 'Unique database ID based on PLATE, MJD, FIBERID, RUN2D'
DEBUG:digestor.sdss.SDSS.parseColumnMetadata:177: p['ucd'] = 'ID_CATALOG'
DEBUG:digestor.sdss.SDSS.parseLine:115:     sdss_name varchar(18) NOT NULL,
DEBUG:digestor.sdss.SDSS.parseLine:116: metadata = '--/D SDSS-DR16 designation (hhmmss.ss±ddmmss.s, J2000)'
DEBUG:digestor.sdss.SDSS.parseColumnMetadata:177: p['description'] = 'SDSS-DR16 designation (hhmmss.ss±ddmmss.s, J2000)'
DEBUG:digestor.sdss.SDSS.parseLine:115:     ra double precision NOT NULL,
DEBUG:digestor.sdss.SDSS.parseLine:116: metadata = '--/U deg --/D Right ascension in decimal degrees (J2000)'
DEBUG:digestor.sdss.SDSS.parseColumnMetadata:177: p['description'] = 'Right ascension in decimal degrees (J2000)'
DEBUG:digestor.sdss.SDSS.parseColumnMetadata:177: p['unit'] = 'deg'
DEBUG:digestor.sdss.SDSS.parseLine:115:     dec double precision NOT NULL,
DEBUG:digestor.sdss.SDSS.parseLine:116: metadata = '--/U deg --/D Declination in decimal degrees (J2000)'
DEBUG:digestor.sdss.SDSS.parseColumnMetadata:177: p['description'] = 'Declination in decimal degrees (J2000)'
DEBUG:digestor.sdss.SDSS.parseColumnMetadata:177: p['unit'] = 'deg'
DEBUG:digestor.sdss.SDSS.parseLine:115:     run2d varchar(7) NOT NULL,
DEBUG:digestor.sdss.SDSS.parseLine:116: metadata = '--/D Spectroscopic reduction version'
DEBUG:digestor.sdss.SDSS.parseColumnMetadata:177: p['description'] = 'Spectroscopic reduction version'
DEBUG:digestor.sdss.SDSS.parseLine:115:     plate smallint NOT NULL,
DEBUG:digestor.sdss.SDSS.parseLine:116: metadata = '--/D Spectroscopic plate number'
DEBUG:digestor.sdss.SDSS.parseColumnMetadata:177: p['description'] = 'Spectroscopic plate number'
DEBUG:digestor.sdss.SDSS.parseLine:115:     mjd integer NOT NULL,
DEBUG:digestor.sdss.SDSS.parseLine:116: metadata = '--/U days --/D Modified Julian day of the spectroscopic observation'
DEBUG:digestor.sdss.SDSS.parseColumnMetadata:177: p['description'] = 'Modified Julian day of the spectroscopic observation'
DEBUG:digestor.sdss.SDSS.parseColumnMetadata:177: p['unit'] = 'days'
DEBUG:digestor.sdss.SDSS.parseLine:115:     fiberid smallint NOT NULL,
DEBUG:digestor.sdss.SDSS.parseLine:116: metadata = '--/D Fiber ID number'
DEBUG:digestor.sdss.SDSS.parseColumnMetadata:177: p['description'] = 'Fiber ID number'
DEBUG:digestor.sdss.SDSS.parseLine:115:     autoclass_pqn varchar(6) NOT NULL,
DEBUG:digestor.sdss.SDSS.parseLine:116: metadata = '--/D Object classification post-QuasarNET'
DEBUG:digestor.sdss.SDSS.parseColumnMetadata:177: p['description'] = 'Object classification post-QuasarNET'
DEBUG:digestor.sdss.SDSS.parseLine:115:     autoclass_dr14q varchar(6) NOT NULL,
DEBUG:digestor.sdss.SDSS.parseLine:116: metadata = '--/D Object classification based only on the DR14Q algorithm'
DEBUG:digestor.sdss.SDSS.parseColumnMetadata:177: p['description'] = 'Object classification based only on the DR14Q algorithm'
DEBUG:digestor.sdss.SDSS.parseLine:115:     is_qso_qn integer NOT NULL,
DEBUG:digestor.sdss.SDSS.parseLine:116: metadata = '--/D Binary flag for QuasarNET quasar identification'
DEBUG:digestor.sdss.SDSS.parseColumnMetadata:177: p['description'] = 'Binary flag for QuasarNET quasar identification'
DEBUG:digestor.sdss.SDSS.parseLine:115:     z_qn double precision NOT NULL,
DEBUG:digestor.sdss.SDSS.parseLine:116: metadata = '--/D Systemic redshift from QuasarNET'
DEBUG:digestor.sdss.SDSS.parseColumnMetadata:177: p['description'] = 'Systemic redshift from QuasarNET'
DEBUG:digestor.sdss.SDSS.parseLine:115:     random_select integer NOT NULL,
DEBUG:digestor.sdss.SDSS.parseLine:116: metadata = '--/D Binary flag indicating objects selected for random visual inspection'
DEBUG:digestor.sdss.SDSS.parseColumnMetadata:177: p['description'] = 'Binary flag indicating objects selected for random visual inspection'
DEBUG:digestor.sdss.SDSS.parseLine:115:     z_10k double precision NOT NULL,
DEBUG:digestor.sdss.SDSS.parseLine:116: metadata = '--/D Redshift from visual inspection in random set'
DEBUG:digestor.sdss.SDSS.parseColumnMetadata:177: p['description'] = 'Redshift from visual inspection in random set'
DEBUG:digestor.sdss.SDSS.parseLine:115:     z_conf_10k integer NOT NULL,
DEBUG:digestor.sdss.SDSS.parseLine:116: metadata = '--/D Confidence rating for visual inspection redshift in random set'
DEBUG:digestor.sdss.SDSS.parseColumnMetadata:177: p['description'] = 'Confidence rating for visual inspection redshift in random set'
DEBUG:digestor.sdss.SDSS.parseLine:115:     pipe_corr_10k integer NOT NULL,
DEBUG:digestor.sdss.SDSS.parseLine:116: metadata = '--/D Binary flag indicating if the automated pipeline classification and redshift were correct in the random set'
DEBUG:digestor.sdss.SDSS.parseColumnMetadata:177: p['description'] = 'Binary flag indicating if the automated pipeline classification and redshift were correct in the random set'
DEBUG:digestor.sdss.SDSS.parseLine:115:     is_qso_10k integer NOT NULL,
DEBUG:digestor.sdss.SDSS.parseLine:116: metadata = '--/D Binary flag for random set quasar identification'
DEBUG:digestor.sdss.SDSS.parseColumnMetadata:177: p['description'] = 'Binary flag for random set quasar identification'
DEBUG:digestor.sdss.SDSS.parseLine:115:     thing_id integer NOT NULL,
DEBUG:digestor.sdss.SDSS.parseLine:116: metadata = '--/D SDSS identifier'
DEBUG:digestor.sdss.SDSS.parseColumnMetadata:177: p['description'] = 'SDSS identifier'
DEBUG:digestor.sdss.SDSS.parseLine:115:     z_vi double precision NOT NULL,
DEBUG:digestor.sdss.SDSS.parseLine:116: metadata = '--/D Visual inspection redshift'
DEBUG:digestor.sdss.SDSS.parseColumnMetadata:177: p['description'] = 'Visual inspection redshift'
DEBUG:digestor.sdss.SDSS.parseLine:115:     z_conf integer NOT NULL,
DEBUG:digestor.sdss.SDSS.parseLine:116: metadata = '--/D Confidence rating for visual inspection redshift'
DEBUG:digestor.sdss.SDSS.parseColumnMetadata:177: p['description'] = 'Confidence rating for visual inspection redshift'
DEBUG:digestor.sdss.SDSS.parseLine:115:     class_person integer NOT NULL,
DEBUG:digestor.sdss.SDSS.parseLine:116: metadata = '--/D Object classification from visual inspection'
DEBUG:digestor.sdss.SDSS.parseColumnMetadata:177: p['description'] = 'Object classification from visual inspection'
DEBUG:digestor.sdss.SDSS.parseLine:115:     z_dr12q double precision NOT NULL,
DEBUG:digestor.sdss.SDSS.parseLine:116: metadata = '--/D Redshift taken from DR12Q visual inspection'
DEBUG:digestor.sdss.SDSS.parseColumnMetadata:177: p['description'] = 'Redshift taken from DR12Q visual inspection'
DEBUG:digestor.sdss.SDSS.parseLine:115:     is_qso_dr12q integer NOT NULL,
DEBUG:digestor.sdss.SDSS.parseLine:116: metadata = '--/D Flag indicating if an object was a quasar in DR12Q'
DEBUG:digestor.sdss.SDSS.parseColumnMetadata:177: p['description'] = 'Flag indicating if an object was a quasar in DR12Q'
DEBUG:digestor.sdss.SDSS.parseLine:115:     z_dr7q_sch double precision NOT NULL,
DEBUG:digestor.sdss.SDSS.parseLine:116: metadata = '--/D Redshift taken from DR7Q Schneider et al (2010) catalog'
DEBUG:digestor.sdss.SDSS.parseColumnMetadata:177: p['description'] = 'Redshift taken from DR7Q Schneider et al (2010) catalog'
DEBUG:digestor.sdss.SDSS.parseLine:115:     is_qso_dr7q integer NOT NULL,
DEBUG:digestor.sdss.SDSS.parseLine:116: metadata = '--/D Flag indicating if an object was a quasar in DR7Q'
DEBUG:digestor.sdss.SDSS.parseColumnMetadata:177: p['description'] = 'Flag indicating if an object was a quasar in DR7Q'
DEBUG:digestor.sdss.SDSS.parseLine:115:     z_dr6q_hw double precision NOT NULL,
DEBUG:digestor.sdss.SDSS.parseLine:116: metadata = '--/D Redshift taken from DR6-based Hewett and Wild (2010) catalog'
DEBUG:digestor.sdss.SDSS.parseColumnMetadata:177: p['description'] = 'Redshift taken from DR6-based Hewett and Wild (2010) catalog'
DEBUG:digestor.sdss.SDSS.parseLine:115:     z_dr7q_hw double precision NOT NULL,
DEBUG:digestor.sdss.SDSS.parseLine:116: metadata = '--/D Redshift using Hewett and Wild (2010) updates for DR7Q sources from the Shen et al. (2011) catalog'
DEBUG:digestor.sdss.SDSS.parseColumnMetadata:177: p['description'] = 'Redshift using Hewett and Wild (2010) updates for DR7Q sources from the Shen et al. (2011) catalog'
DEBUG:digestor.sdss.SDSS.parseLine:115:     is_qso_final integer NOT NULL,
DEBUG:digestor.sdss.SDSS.parseLine:116: metadata = '--/D Flag indicating quasars to be included in final catalog'
DEBUG:digestor.sdss.SDSS.parseColumnMetadata:177: p['description'] = 'Flag indicating quasars to be included in final catalog'
DEBUG:digestor.sdss.SDSS.parseLine:115:     z double precision NOT NULL,
DEBUG:digestor.sdss.SDSS.parseLine:116: metadata = '--/D Best available redshift taken from Z_VI, Z_PIPE, Z_DR12Q, Z_DR7Q_SCH, Z_DR6Q_HW, and Z_10K'
DEBUG:digestor.sdss.SDSS.parseColumnMetadata:177: p['description'] = 'Best available redshift taken from Z_VI, Z_PIPE, Z_DR12Q, Z_DR7Q_SCH, Z_DR6Q_HW, and Z_10K'
DEBUG:digestor.sdss.SDSS.parseLine:115:     source_z varchar(12) NOT NULL,
DEBUG:digestor.sdss.SDSS.parseLine:116: metadata = '--/D Origin of the reported redshift in Z'
DEBUG:digestor.sdss.SDSS.parseColumnMetadata:177: p['description'] = 'Origin of the reported redshift in Z'
DEBUG:digestor.sdss.SDSS.parseLine:128: self.mapping['source_z'] = 'SOURCE[4]'
DEBUG:digestor.sdss.SDSS.parseLine:115:     z_pipe double precision NOT NULL,
DEBUG:digestor.sdss.SDSS.parseLine:116: metadata = '--/D SDSS automated pipeline redshift'
DEBUG:digestor.sdss.SDSS.parseColumnMetadata:177: p['description'] = 'SDSS automated pipeline redshift'
DEBUG:digestor.sdss.SDSS.parseLine:115:     zwarning integer NOT NULL,
DEBUG:digestor.sdss.SDSS.parseLine:116: metadata = '--/D Quality flag on the pipeline redshift estimate'
DEBUG:digestor.sdss.SDSS.parseColumnMetadata:177: p['description'] = 'Quality flag on the pipeline redshift estimate'
DEBUG:digestor.sdss.SDSS.parseLine:115:     objid varchar(19) NOT NULL,
DEBUG:digestor.sdss.SDSS.parseLine:116: metadata = '--/D SDSS object identification number'
DEBUG:digestor.sdss.SDSS.parseColumnMetadata:177: p['description'] = 'SDSS object identification number'
DEBUG:digestor.sdss.SDSS.parseLine:115:     z_pca double precision NOT NULL,
DEBUG:digestor.sdss.SDSS.parseLine:116: metadata = '--/D PCA-derived systemic redshift from redvsblue'
DEBUG:digestor.sdss.SDSS.parseColumnMetadata:177: p['description'] = 'PCA-derived systemic redshift from redvsblue'
DEBUG:digestor.sdss.SDSS.parseLine:115:     zwarn_pca bigint NOT NULL,
DEBUG:digestor.sdss.SDSS.parseLine:116: metadata = '--/D Warning flag for redvsblue redshift'
DEBUG:digestor.sdss.SDSS.parseColumnMetadata:177: p['description'] = 'Warning flag for redvsblue redshift'
DEBUG:digestor.sdss.SDSS.parseLine:115:     deltachi2_pca double precision NOT NULL,
DEBUG:digestor.sdss.SDSS.parseLine:116: metadata = '--/D Delta Chi^2 for PCA redshift vs. cubic continuum fit'
DEBUG:digestor.sdss.SDSS.parseColumnMetadata:177: p['description'] = 'Delta Chi^2 for PCA redshift vs. cubic continuum fit'
DEBUG:digestor.sdss.SDSS.parseLine:115:     z_halpha double precision NOT NULL,
DEBUG:digestor.sdss.SDSS.parseLine:116: metadata = '--/D PCA line redshift for HAlpha from redvsblue'
DEBUG:digestor.sdss.SDSS.parseColumnMetadata:177: p['description'] = 'PCA line redshift for HAlpha from redvsblue'
DEBUG:digestor.sdss.SDSS.parseLine:115:     zwarn_halpha bigint NOT NULL,
DEBUG:digestor.sdss.SDSS.parseLine:116: metadata = '--/D Warning flag for HAlpha redshift'
DEBUG:digestor.sdss.SDSS.parseColumnMetadata:177: p['description'] = 'Warning flag for HAlpha redshift'
DEBUG:digestor.sdss.SDSS.parseLine:115:     deltachi2_halpha double precision NOT NULL,
DEBUG:digestor.sdss.SDSS.parseLine:116: metadata = '--/D Delta Chi^2 for HAlpha line redshift vs. cubic continuum fit'
DEBUG:digestor.sdss.SDSS.parseColumnMetadata:177: p['description'] = 'Delta Chi^2 for HAlpha line redshift vs. cubic continuum fit'
DEBUG:digestor.sdss.SDSS.parseLine:115:     z_hbeta double precision NOT NULL,
DEBUG:digestor.sdss.SDSS.parseLine:116: metadata = '--/D PCA line redshift for Hβ from redvsblue'
DEBUG:digestor.sdss.SDSS.parseColumnMetadata:177: p['description'] = 'PCA line redshift for Hβ from redvsblue'
DEBUG:digestor.sdss.SDSS.parseLine:115:     zwarn_hbeta bigint NOT NULL,
DEBUG:digestor.sdss.SDSS.parseLine:116: metadata = '--/D Warning flag for Hβ redshift'
DEBUG:digestor.sdss.SDSS.parseColumnMetadata:177: p['description'] = 'Warning flag for Hβ redshift'
DEBUG:digestor.sdss.SDSS.parseLine:115:     deltachi2_hbeta double precision NOT NULL,
DEBUG:digestor.sdss.SDSS.parseLine:116: metadata = '--/D Delta Chi^2 for Hβ line redshift vs. cubic continuum fit'
DEBUG:digestor.sdss.SDSS.parseColumnMetadata:177: p['description'] = 'Delta Chi^2 for Hβ line redshift vs. cubic continuum fit'
DEBUG:digestor.sdss.SDSS.parseLine:115:     z_mgii double precision NOT NULL,
DEBUG:digestor.sdss.SDSS.parseLine:116: metadata = '--/D PCA line redshift for Mg II Lambda2799 from redvsblue'
DEBUG:digestor.sdss.SDSS.parseColumnMetadata:177: p['description'] = 'PCA line redshift for Mg II Lambda2799 from redvsblue'
DEBUG:digestor.sdss.SDSS.parseLine:115:     zwarn_mgii bigint NOT NULL,
DEBUG:digestor.sdss.SDSS.parseLine:116: metadata = '--/D Warning flag for Mg II Lambda2799 redshift'
DEBUG:digestor.sdss.SDSS.parseColumnMetadata:177: p['description'] = 'Warning flag for Mg II Lambda2799 redshift'
DEBUG:digestor.sdss.SDSS.parseLine:115:     deltachi2_mgii double precision NOT NULL,
DEBUG:digestor.sdss.SDSS.parseLine:116: metadata = '--/D Delta Chi^2 for Mg II Lambda2799 line redshift vs. cubic continuum fit'
DEBUG:digestor.sdss.SDSS.parseColumnMetadata:177: p['description'] = 'Delta Chi^2 for Mg II Lambda2799 line redshift vs. cubic continuum fit'
DEBUG:digestor.sdss.SDSS.parseLine:115:     z_ciii double precision NOT NULL,
DEBUG:digestor.sdss.SDSS.parseLine:116: metadata = '--/D PCA line redshift for C III] Lambda1908 from redvsblue'
DEBUG:digestor.sdss.SDSS.parseColumnMetadata:177: p['description'] = 'PCA line redshift for C III] Lambda1908 from redvsblue'
DEBUG:digestor.sdss.SDSS.parseLine:115:     zwarn_ciii bigint NOT NULL,
DEBUG:digestor.sdss.SDSS.parseLine:116: metadata = '--/D Warning flag for C III] Lambda1908 redshift'
DEBUG:digestor.sdss.SDSS.parseColumnMetadata:177: p['description'] = 'Warning flag for C III] Lambda1908 redshift'
DEBUG:digestor.sdss.SDSS.parseLine:115:     deltachi2_ciii double precision NOT NULL,
DEBUG:digestor.sdss.SDSS.parseLine:116: metadata = '--/D Delta Chi^2 for C III] Lambda1908 line redshift vs. cubic continuum fit'
DEBUG:digestor.sdss.SDSS.parseColumnMetadata:177: p['description'] = 'Delta Chi^2 for C III] Lambda1908 line redshift vs. cubic continuum fit'
DEBUG:digestor.sdss.SDSS.parseLine:115:     z_civ double precision NOT NULL,
DEBUG:digestor.sdss.SDSS.parseLine:116: metadata = '--/D PCA line redshift for C IV Lambda1549 from redvsblue'
DEBUG:digestor.sdss.SDSS.parseColumnMetadata:177: p['description'] = 'PCA line redshift for C IV Lambda1549 from redvsblue'
DEBUG:digestor.sdss.SDSS.parseLine:115:     zwarn_civ bigint NOT NULL,
DEBUG:digestor.sdss.SDSS.parseLine:116: metadata = '--/D Warning flag for C IV Lambda1549 redshift'
DEBUG:digestor.sdss.SDSS.parseColumnMetadata:177: p['description'] = 'Warning flag for C IV Lambda1549 redshift'
DEBUG:digestor.sdss.SDSS.parseLine:115:     deltachi2_civ double precision NOT NULL,
DEBUG:digestor.sdss.SDSS.parseLine:116: metadata = '--/D Delta Chi^2 for C IV Lambda1549 line redshift vs. cubic continuum fit'
DEBUG:digestor.sdss.SDSS.parseColumnMetadata:177: p['description'] = 'Delta Chi^2 for C IV Lambda1549 line redshift vs. cubic continuum fit'
DEBUG:digestor.sdss.SDSS.parseLine:115:     z_lya double precision NOT NULL,
DEBUG:digestor.sdss.SDSS.parseLine:116: metadata = '--/D PCA line redshift for LyAlpha from redvsblue'
DEBUG:digestor.sdss.SDSS.parseColumnMetadata:177: p['description'] = 'PCA line redshift for LyAlpha from redvsblue'
DEBUG:digestor.sdss.SDSS.parseLine:115:     zwarn_lya bigint NOT NULL,
DEBUG:digestor.sdss.SDSS.parseLine:116: metadata = '--/D Warning flag for LyAlpha redshift'
DEBUG:digestor.sdss.SDSS.parseColumnMetadata:177: p['description'] = 'Warning flag for LyAlpha redshift'
DEBUG:digestor.sdss.SDSS.parseLine:115:     deltachi2_lya double precision NOT NULL,
DEBUG:digestor.sdss.SDSS.parseLine:116: metadata = '--/D Delta Chi^2 for LyAlpha line redshift vs. cubic continuum fit'
DEBUG:digestor.sdss.SDSS.parseColumnMetadata:177: p['description'] = 'Delta Chi^2 for LyAlpha line redshift vs. cubic continuum fit'
DEBUG:digestor.sdss.SDSS.parseLine:115:     z_lyawg double precision NOT NULL,
DEBUG:digestor.sdss.SDSS.parseLine:116: metadata = '--/D PCA systemic redshift from redvsblue with a masked LyAlpha emission line and forest'
DEBUG:digestor.sdss.SDSS.parseColumnMetadata:177: p['description'] = 'PCA systemic redshift from redvsblue with a masked LyAlpha emission line and forest'
DEBUG:digestor.sdss.SDSS.parseLine:115:     z_dla_1 double precision NOT NULL,
DEBUG:digestor.sdss.SDSS.parseLine:116: metadata = '--/D Redshift for damped LyAlpha features'
DEBUG:digestor.sdss.SDSS.parseColumnMetadata:177: p['description'] = 'Redshift for damped LyAlpha features'
DEBUG:digestor.sdss.SDSS.parseLine:115:     z_dla_2 double precision NOT NULL,
DEBUG:digestor.sdss.SDSS.parseLine:116: metadata = '--/D Redshift for damped LyAlpha features'
DEBUG:digestor.sdss.SDSS.parseColumnMetadata:177: p['description'] = 'Redshift for damped LyAlpha features'
DEBUG:digestor.sdss.SDSS.parseLine:115:     z_dla_3 double precision NOT NULL,
DEBUG:digestor.sdss.SDSS.parseLine:116: metadata = '--/D Redshift for damped LyAlpha features'
DEBUG:digestor.sdss.SDSS.parseColumnMetadata:177: p['description'] = 'Redshift for damped LyAlpha features'
DEBUG:digestor.sdss.SDSS.parseLine:115:     z_dla_4 double precision NOT NULL,
DEBUG:digestor.sdss.SDSS.parseLine:116: metadata = '--/D Redshift for damped LyAlpha features'
DEBUG:digestor.sdss.SDSS.parseColumnMetadata:177: p['description'] = 'Redshift for damped LyAlpha features'
DEBUG:digestor.sdss.SDSS.parseLine:115:     z_dla_5 double precision NOT NULL,
DEBUG:digestor.sdss.SDSS.parseLine:116: metadata = '--/D Redshift for damped LyAlpha features'
DEBUG:digestor.sdss.SDSS.parseColumnMetadata:177: p['description'] = 'Redshift for damped LyAlpha features'
DEBUG:digestor.sdss.SDSS.parseLine:115:     nhi_dla_1 double precision NOT NULL,
DEBUG:digestor.sdss.SDSS.parseLine:116: metadata = '--/D Absorber column density for damped LyAlpha features'
DEBUG:digestor.sdss.SDSS.parseColumnMetadata:177: p['description'] = 'Absorber column density for damped LyAlpha features'
DEBUG:digestor.sdss.SDSS.parseLine:115:     nhi_dla_2 double precision NOT NULL,
DEBUG:digestor.sdss.SDSS.parseLine:116: metadata = '--/D Absorber column density for damped LyAlpha features'
DEBUG:digestor.sdss.SDSS.parseColumnMetadata:177: p['description'] = 'Absorber column density for damped LyAlpha features'
DEBUG:digestor.sdss.SDSS.parseLine:115:     nhi_dla_3 double precision NOT NULL,
DEBUG:digestor.sdss.SDSS.parseLine:116: metadata = '--/D Absorber column density for damped LyAlpha features'
DEBUG:digestor.sdss.SDSS.parseColumnMetadata:177: p['description'] = 'Absorber column density for damped LyAlpha features'
DEBUG:digestor.sdss.SDSS.parseLine:115:     nhi_dla_4 double precision NOT NULL,
DEBUG:digestor.sdss.SDSS.parseLine:116: metadata = '--/D Absorber column density for damped LyAlpha features'
DEBUG:digestor.sdss.SDSS.parseColumnMetadata:177: p['description'] = 'Absorber column density for damped LyAlpha features'
DEBUG:digestor.sdss.SDSS.parseLine:115:     nhi_dla_5 double precision NOT NULL,
DEBUG:digestor.sdss.SDSS.parseLine:116: metadata = '--/D Absorber column density for damped LyAlpha features'
DEBUG:digestor.sdss.SDSS.parseColumnMetadata:177: p['description'] = 'Absorber column density for damped LyAlpha features'
DEBUG:digestor.sdss.SDSS.parseLine:115:     conf_dla_1 double precision NOT NULL,
DEBUG:digestor.sdss.SDSS.parseLine:116: metadata = '--/D Confidence of detection for damped LyAlpha features'
DEBUG:digestor.sdss.SDSS.parseColumnMetadata:177: p['description'] = 'Confidence of detection for damped LyAlpha features'
DEBUG:digestor.sdss.SDSS.parseLine:115:     conf_dla_2 double precision NOT NULL,
DEBUG:digestor.sdss.SDSS.parseLine:116: metadata = '--/D Confidence of detection for damped LyAlpha features'
DEBUG:digestor.sdss.SDSS.parseColumnMetadata:177: p['description'] = 'Confidence of detection for damped LyAlpha features'
DEBUG:digestor.sdss.SDSS.parseLine:115:     conf_dla_3 double precision NOT NULL,
DEBUG:digestor.sdss.SDSS.parseLine:116: metadata = '--/D Confidence of detection for damped LyAlpha features'
DEBUG:digestor.sdss.SDSS.parseColumnMetadata:177: p['description'] = 'Confidence of detection for damped LyAlpha features'
DEBUG:digestor.sdss.SDSS.parseLine:115:     conf_dla_4 double precision NOT NULL,
DEBUG:digestor.sdss.SDSS.parseLine:116: metadata = '--/D Confidence of detection for damped LyAlpha features'
DEBUG:digestor.sdss.SDSS.parseColumnMetadata:177: p['description'] = 'Confidence of detection for damped LyAlpha features'
DEBUG:digestor.sdss.SDSS.parseLine:115:     conf_dla_5 double precision NOT NULL,
DEBUG:digestor.sdss.SDSS.parseLine:116: metadata = '--/D Confidence of detection for damped LyAlpha features'
DEBUG:digestor.sdss.SDSS.parseColumnMetadata:177: p['description'] = 'Confidence of detection for damped LyAlpha features'
DEBUG:digestor.sdss.SDSS.parseLine:115:     bal_prob double precision NOT NULL,
DEBUG:digestor.sdss.SDSS.parseLine:116: metadata = '--/D BAL probability'
DEBUG:digestor.sdss.SDSS.parseColumnMetadata:177: p['description'] = 'BAL probability'
DEBUG:digestor.sdss.SDSS.parseLine:115:     bi_civ double precision NOT NULL,
DEBUG:digestor.sdss.SDSS.parseLine:116: metadata = '--/U km/s --/D BALnicity index for C IV Lambda1549 region'
DEBUG:digestor.sdss.SDSS.parseColumnMetadata:177: p['description'] = 'BALnicity index for C IV Lambda1549 region'
DEBUG:digestor.sdss.SDSS.parseColumnMetadata:177: p['unit'] = 'km/s'
DEBUG:digestor.sdss.SDSS.parseLine:115:     err_bi_civ double precision NOT NULL,
DEBUG:digestor.sdss.SDSS.parseLine:116: metadata = '--/U km/s --/D Uncertainty of BI for C IV Lambda1549 region'
DEBUG:digestor.sdss.SDSS.parseColumnMetadata:177: p['description'] = 'Uncertainty of BI for C IV Lambda1549 region'
DEBUG:digestor.sdss.SDSS.parseColumnMetadata:177: p['unit'] = 'km/s'
DEBUG:digestor.sdss.SDSS.parseLine:115:     ai_civ double precision NOT NULL,
DEBUG:digestor.sdss.SDSS.parseLine:116: metadata = '--/D Absorption index for C IV Lambda1549 region'
DEBUG:digestor.sdss.SDSS.parseColumnMetadata:177: p['description'] = 'Absorption index for C IV Lambda1549 region'
DEBUG:digestor.sdss.SDSS.parseLine:115:     err_ai_civ double precision NOT NULL,
DEBUG:digestor.sdss.SDSS.parseLine:116: metadata = '--/D Uncertainty of absorption index for C IV Lambda1549 region'
DEBUG:digestor.sdss.SDSS.parseColumnMetadata:177: p['description'] = 'Uncertainty of absorption index for C IV Lambda1549 region'
DEBUG:digestor.sdss.SDSS.parseLine:115:     bi_siiv double precision NOT NULL,
DEBUG:digestor.sdss.SDSS.parseLine:116: metadata = '--/D BALnicity index for Si IV Lambda1396 region'
DEBUG:digestor.sdss.SDSS.parseColumnMetadata:177: p['description'] = 'BALnicity index for Si IV Lambda1396 region'
DEBUG:digestor.sdss.SDSS.parseLine:115:     err_bi_siiv double precision NOT NULL,
DEBUG:digestor.sdss.SDSS.parseLine:116: metadata = '--/D Uncertainty of BI for Si IV Lambda1396 region'
DEBUG:digestor.sdss.SDSS.parseColumnMetadata:177: p['description'] = 'Uncertainty of BI for Si IV Lambda1396 region'
DEBUG:digestor.sdss.SDSS.parseLine:115:     ai_siiv double precision NOT NULL,
DEBUG:digestor.sdss.SDSS.parseLine:116: metadata = '--/D Absorption index for Si IV Lambda1396 region'
DEBUG:digestor.sdss.SDSS.parseColumnMetadata:177: p['description'] = 'Absorption index for Si IV Lambda1396 region'
DEBUG:digestor.sdss.SDSS.parseLine:115:     err_ai_siiv double precision NOT NULL,
DEBUG:digestor.sdss.SDSS.parseLine:116: metadata = '--/D Uncertainty of absorption index for Si IV Lambda1396 region'
DEBUG:digestor.sdss.SDSS.parseColumnMetadata:177: p['description'] = 'Uncertainty of absorption index for Si IV Lambda1396 region'
DEBUG:digestor.sdss.SDSS.parseLine:115:     boss_target1 bigint NOT NULL,
DEBUG:digestor.sdss.SDSS.parseLine:116: metadata = '--/D BOSS target selection for main survey'
DEBUG:digestor.sdss.SDSS.parseColumnMetadata:177: p['description'] = 'BOSS target selection for main survey'
DEBUG:digestor.sdss.SDSS.parseLine:115:     eboss_target0 bigint NOT NULL,
DEBUG:digestor.sdss.SDSS.parseLine:116: metadata = '--/D Target selection flag for the eBOSS pilot survey (SEQUELS)'
DEBUG:digestor.sdss.SDSS.parseColumnMetadata:177: p['description'] = 'Target selection flag for the eBOSS pilot survey (SEQUELS)'
DEBUG:digestor.sdss.SDSS.parseLine:115:     eboss_target1 bigint NOT NULL,
DEBUG:digestor.sdss.SDSS.parseLine:116: metadata = '--/D eBOSS target selection flag'
DEBUG:digestor.sdss.SDSS.parseColumnMetadata:177: p['description'] = 'eBOSS target selection flag'
DEBUG:digestor.sdss.SDSS.parseLine:115:     eboss_target2 bigint NOT NULL,
DEBUG:digestor.sdss.SDSS.parseLine:116: metadata = '--/D eBOSS target selection flag'
DEBUG:digestor.sdss.SDSS.parseColumnMetadata:177: p['description'] = 'eBOSS target selection flag'
DEBUG:digestor.sdss.SDSS.parseLine:115:     ancillary_target1 bigint NOT NULL,
DEBUG:digestor.sdss.SDSS.parseLine:116: metadata = '--/D BOSS target selection flag for ancillary programs'
DEBUG:digestor.sdss.SDSS.parseColumnMetadata:177: p['description'] = 'BOSS target selection flag for ancillary programs'
DEBUG:digestor.sdss.SDSS.parseLine:115:     ancillary_target2 bigint NOT NULL,
DEBUG:digestor.sdss.SDSS.parseLine:116: metadata = '--/D BOSS target selection flag for ancillary programs'
DEBUG:digestor.sdss.SDSS.parseColumnMetadata:177: p['description'] = 'BOSS target selection flag for ancillary programs'
DEBUG:digestor.sdss.SDSS.parseLine:115:     nspec_sdss smallint NOT NULL,
DEBUG:digestor.sdss.SDSS.parseLine:116: metadata = '--/D Number of additional observations from SDSS-I/II'
DEBUG:digestor.sdss.SDSS.parseColumnMetadata:177: p['description'] = 'Number of additional observations from SDSS-I/II'
DEBUG:digestor.sdss.SDSS.parseLine:115:     nspec_boss smallint NOT NULL,
DEBUG:digestor.sdss.SDSS.parseLine:116: metadata = '--/D Number of additional observations from BOSS/eBOSS'
DEBUG:digestor.sdss.SDSS.parseColumnMetadata:177: p['description'] = 'Number of additional observations from BOSS/eBOSS'
DEBUG:digestor.sdss.SDSS.parseLine:115:     nspec smallint NOT NULL,
DEBUG:digestor.sdss.SDSS.parseLine:116: metadata = '--/D Total number of additional observations'
DEBUG:digestor.sdss.SDSS.parseColumnMetadata:177: p['description'] = 'Total number of additional observations'
DEBUG:digestor.sdss.SDSS.parseLine:115:     lambda_eff double precision NOT NULL,
DEBUG:digestor.sdss.SDSS.parseLine:116: metadata = '--/D Wavelength to optimize hold location for, in Angstroms'
DEBUG:digestor.sdss.SDSS.parseColumnMetadata:177: p['description'] = 'Wavelength to optimize hold location for, in Angstroms'
DEBUG:digestor.sdss.SDSS.parseLine:115:     zoffset double precision NOT NULL,
DEBUG:digestor.sdss.SDSS.parseLine:116: metadata = '--/D Backstopping offset distance, in μm'
DEBUG:digestor.sdss.SDSS.parseColumnMetadata:177: p['description'] = 'Backstopping offset distance, in μm'
DEBUG:digestor.sdss.SDSS.parseLine:115:     xfocal double precision NOT NULL,
DEBUG:digestor.sdss.SDSS.parseLine:116: metadata = '--/D Hole x-axis position in focal plane, in mm'
DEBUG:digestor.sdss.SDSS.parseColumnMetadata:177: p['description'] = 'Hole x-axis position in focal plane, in mm'
DEBUG:digestor.sdss.SDSS.parseLine:115:     yfocal double precision NOT NULL,
DEBUG:digestor.sdss.SDSS.parseLine:116: metadata = '--/D Hole y-axis position in focal plane, in mm'
DEBUG:digestor.sdss.SDSS.parseColumnMetadata:177: p['description'] = 'Hole y-axis position in focal plane, in mm'
DEBUG:digestor.sdss.SDSS.parseLine:115:     chunk varchar(14) NOT NULL,
DEBUG:digestor.sdss.SDSS.parseLine:116: metadata = '--/D Name of tiling chunk (from platelist product)'
DEBUG:digestor.sdss.SDSS.parseColumnMetadata:177: p['description'] = 'Name of tiling chunk (from platelist product)'
DEBUG:digestor.sdss.SDSS.parseLine:115:     tile smallint NOT NULL,
DEBUG:digestor.sdss.SDSS.parseLine:116: metadata = '--/D Tile number'
DEBUG:digestor.sdss.SDSS.parseColumnMetadata:177: p['description'] = 'Tile number'
DEBUG:digestor.sdss.SDSS.parseLine:115:     platesn2 double precision NOT NULL,
DEBUG:digestor.sdss.SDSS.parseLine:116: metadata = '--/D Overall (S/N)2 measure for plate, minimum of all 4 cameras'
DEBUG:digestor.sdss.SDSS.parseColumnMetadata:177: p['description'] = 'Overall (S/N)2 measure for plate, minimum of all 4 cameras'
DEBUG:digestor.sdss.SDSS.parseLine:115:     psfflux_u double precision NOT NULL,
DEBUG:digestor.sdss.SDSS.parseLine:116: metadata = '--/U nanomaggies --/D Flux in u, g, r, i, z bands'
DEBUG:digestor.sdss.SDSS.parseColumnMetadata:177: p['description'] = 'Flux in u, g, r, i, z bands'
DEBUG:digestor.sdss.SDSS.parseColumnMetadata:177: p['unit'] = 'nanomaggies'
DEBUG:digestor.sdss.SDSS.parseLine:128: self.mapping['psfflux_u'] = 'PSFFLUX[0]'
DEBUG:digestor.sdss.SDSS.parseLine:115:     psfflux_g double precision NOT NULL,
DEBUG:digestor.sdss.SDSS.parseLine:116: metadata = '--/U nanomaggies --/D Flux in u, g, r, i, z bands'
DEBUG:digestor.sdss.SDSS.parseColumnMetadata:177: p['description'] = 'Flux in u, g, r, i, z bands'
DEBUG:digestor.sdss.SDSS.parseColumnMetadata:177: p['unit'] = 'nanomaggies'
DEBUG:digestor.sdss.SDSS.parseLine:128: self.mapping['psfflux_g'] = 'PSFFLUX[1]'
DEBUG:digestor.sdss.SDSS.parseLine:115:     psfflux_r double precision NOT NULL,
DEBUG:digestor.sdss.SDSS.parseLine:116: metadata = '--/U nanomaggies --/D Flux in u, g, r, i, z bands'
DEBUG:digestor.sdss.SDSS.parseColumnMetadata:177: p['description'] = 'Flux in u, g, r, i, z bands'
DEBUG:digestor.sdss.SDSS.parseColumnMetadata:177: p['unit'] = 'nanomaggies'
DEBUG:digestor.sdss.SDSS.parseLine:128: self.mapping['psfflux_r'] = 'PSFFLUX[2]'
DEBUG:digestor.sdss.SDSS.parseLine:115:     psfflux_i double precision NOT NULL,
DEBUG:digestor.sdss.SDSS.parseLine:116: metadata = '--/U nanomaggies --/D Flux in u, g, r, i, z bands'
DEBUG:digestor.sdss.SDSS.parseColumnMetadata:177: p['description'] = 'Flux in u, g, r, i, z bands'
DEBUG:digestor.sdss.SDSS.parseColumnMetadata:177: p['unit'] = 'nanomaggies'
DEBUG:digestor.sdss.SDSS.parseLine:128: self.mapping['psfflux_i'] = 'PSFFLUX[3]'
DEBUG:digestor.sdss.SDSS.parseLine:115:     psfflux_z double precision NOT NULL,
DEBUG:digestor.sdss.SDSS.parseLine:116: metadata = '--/U nanomaggies --/D Flux in u, g, r, i, z bands'
DEBUG:digestor.sdss.SDSS.parseColumnMetadata:177: p['description'] = 'Flux in u, g, r, i, z bands'
DEBUG:digestor.sdss.SDSS.parseColumnMetadata:177: p['unit'] = 'nanomaggies'
DEBUG:digestor.sdss.SDSS.parseLine:128: self.mapping['psfflux_z'] = 'PSFFLUX[4]'
DEBUG:digestor.sdss.SDSS.parseLine:115:     psfflux_ivar_u double precision NOT NULL,
DEBUG:digestor.sdss.SDSS.parseLine:116: metadata = '--/U nanomaggies^2 --/D Inverse variance of u, g, r, i, z fluxes'
DEBUG:digestor.sdss.SDSS.parseColumnMetadata:177: p['description'] = 'Inverse variance of u, g, r, i, z fluxes'
DEBUG:digestor.sdss.SDSS.parseColumnMetadata:177: p['unit'] = 'nanomaggies^2'
DEBUG:digestor.sdss.SDSS.parseLine:128: self.mapping['psfflux_ivar_u'] = 'PSFFLUX_IVAR[0]'
DEBUG:digestor.sdss.SDSS.parseLine:115:     psfflux_ivar_g double precision NOT NULL,
DEBUG:digestor.sdss.SDSS.parseLine:116: metadata = '--/U nanomaggies^2 --/D Inverse variance of u, g, r, i, z fluxes'
DEBUG:digestor.sdss.SDSS.parseColumnMetadata:177: p['description'] = 'Inverse variance of u, g, r, i, z fluxes'
DEBUG:digestor.sdss.SDSS.parseColumnMetadata:177: p['unit'] = 'nanomaggies^2'
DEBUG:digestor.sdss.SDSS.parseLine:128: self.mapping['psfflux_ivar_g'] = 'PSFFLUX_IVAR[1]'
DEBUG:digestor.sdss.SDSS.parseLine:115:     psfflux_ivar_r double precision NOT NULL,
DEBUG:digestor.sdss.SDSS.parseLine:116: metadata = '--/U nanomaggies^2 --/D Inverse variance of u, g, r, i, z fluxes'
DEBUG:digestor.sdss.SDSS.parseColumnMetadata:177: p['description'] = 'Inverse variance of u, g, r, i, z fluxes'
DEBUG:digestor.sdss.SDSS.parseColumnMetadata:177: p['unit'] = 'nanomaggies^2'
DEBUG:digestor.sdss.SDSS.parseLine:128: self.mapping['psfflux_ivar_r'] = 'PSFFLUX_IVAR[2]'
DEBUG:digestor.sdss.SDSS.parseLine:115:     psfflux_ivar_i double precision NOT NULL,
DEBUG:digestor.sdss.SDSS.parseLine:116: metadata = '--/U nanomaggies^2 --/D Inverse variance of u, g, r, i, z fluxes'
DEBUG:digestor.sdss.SDSS.parseColumnMetadata:177: p['description'] = 'Inverse variance of u, g, r, i, z fluxes'
DEBUG:digestor.sdss.SDSS.parseColumnMetadata:177: p['unit'] = 'nanomaggies^2'
DEBUG:digestor.sdss.SDSS.parseLine:128: self.mapping['psfflux_ivar_i'] = 'PSFFLUX_IVAR[3]'
DEBUG:digestor.sdss.SDSS.parseLine:115:     psfflux_ivar_z double precision NOT NULL,
DEBUG:digestor.sdss.SDSS.parseLine:116: metadata = '--/U nanomaggies^2 --/D Inverse variance of u, g, r, i, z fluxes'
DEBUG:digestor.sdss.SDSS.parseColumnMetadata:177: p['description'] = 'Inverse variance of u, g, r, i, z fluxes'
DEBUG:digestor.sdss.SDSS.parseColumnMetadata:177: p['unit'] = 'nanomaggies^2'
DEBUG:digestor.sdss.SDSS.parseLine:128: self.mapping['psfflux_ivar_z'] = 'PSFFLUX_IVAR[4]'
DEBUG:digestor.sdss.SDSS.parseLine:115:     psfmag_u double precision NOT NULL,
DEBUG:digestor.sdss.SDSS.parseLine:116: metadata = '--/U mag --/D PSF magnitudes in u, g, r, i, z bands'
DEBUG:digestor.sdss.SDSS.parseColumnMetadata:177: p['description'] = 'PSF magnitudes in u, g, r, i, z bands'
DEBUG:digestor.sdss.SDSS.parseColumnMetadata:177: p['unit'] = 'mag'
DEBUG:digestor.sdss.SDSS.parseLine:128: self.mapping['psfmag_u'] = 'PSFMAG[0]'
DEBUG:digestor.sdss.SDSS.parseLine:115:     psfmag_g double precision NOT NULL,
DEBUG:digestor.sdss.SDSS.parseLine:116: metadata = '--/U mag --/D PSF magnitudes in u, g, r, i, z bands'
DEBUG:digestor.sdss.SDSS.parseColumnMetadata:177: p['description'] = 'PSF magnitudes in u, g, r, i, z bands'
DEBUG:digestor.sdss.SDSS.parseColumnMetadata:177: p['unit'] = 'mag'
DEBUG:digestor.sdss.SDSS.parseLine:128: self.mapping['psfmag_g'] = 'PSFMAG[1]'
DEBUG:digestor.sdss.SDSS.parseLine:115:     psfmag_r double precision NOT NULL,
DEBUG:digestor.sdss.SDSS.parseLine:116: metadata = '--/U mag --/D PSF magnitudes in u, g, r, i, z bands'
DEBUG:digestor.sdss.SDSS.parseColumnMetadata:177: p['description'] = 'PSF magnitudes in u, g, r, i, z bands'
DEBUG:digestor.sdss.SDSS.parseColumnMetadata:177: p['unit'] = 'mag'
DEBUG:digestor.sdss.SDSS.parseLine:128: self.mapping['psfmag_r'] = 'PSFMAG[2]'
DEBUG:digestor.sdss.SDSS.parseLine:115:     psfmag_i double precision NOT NULL,
DEBUG:digestor.sdss.SDSS.parseLine:116: metadata = '--/U mag --/D PSF magnitudes in u, g, r, i, z bands'
DEBUG:digestor.sdss.SDSS.parseColumnMetadata:177: p['description'] = 'PSF magnitudes in u, g, r, i, z bands'
DEBUG:digestor.sdss.SDSS.parseColumnMetadata:177: p['unit'] = 'mag'
DEBUG:digestor.sdss.SDSS.parseLine:128: self.mapping['psfmag_i'] = 'PSFMAG[3]'
DEBUG:digestor.sdss.SDSS.parseLine:115:     psfmag_z double precision NOT NULL,
DEBUG:digestor.sdss.SDSS.parseLine:116: metadata = '--/U mag --/D PSF magnitudes in u, g, r, i, z bands'
DEBUG:digestor.sdss.SDSS.parseColumnMetadata:177: p['description'] = 'PSF magnitudes in u, g, r, i, z bands'
DEBUG:digestor.sdss.SDSS.parseColumnMetadata:177: p['unit'] = 'mag'
DEBUG:digestor.sdss.SDSS.parseLine:128: self.mapping['psfmag_z'] = 'PSFMAG[4]'
DEBUG:digestor.sdss.SDSS.parseLine:115:     psfmagerr_u double precision NOT NULL,
DEBUG:digestor.sdss.SDSS.parseLine:116: metadata = '--/U mag --/D Error of PSF magnitudes in u, g, r, i, z bands'
DEBUG:digestor.sdss.SDSS.parseColumnMetadata:177: p['description'] = 'Error of PSF magnitudes in u, g, r, i, z bands'
DEBUG:digestor.sdss.SDSS.parseColumnMetadata:177: p['unit'] = 'mag'
DEBUG:digestor.sdss.SDSS.parseLine:128: self.mapping['psfmagerr_u'] = 'PSFMAGERR[0]'
DEBUG:digestor.sdss.SDSS.parseLine:115:     psfmagerr_g double precision NOT NULL,
DEBUG:digestor.sdss.SDSS.parseLine:116: metadata = '--/U mag --/D Error of PSF magnitudes in u, g, r, i, z bands'
DEBUG:digestor.sdss.SDSS.parseColumnMetadata:177: p['description'] = 'Error of PSF magnitudes in u, g, r, i, z bands'
DEBUG:digestor.sdss.SDSS.parseColumnMetadata:177: p['unit'] = 'mag'
DEBUG:digestor.sdss.SDSS.parseLine:128: self.mapping['psfmagerr_g'] = 'PSFMAGERR[1]'
DEBUG:digestor.sdss.SDSS.parseLine:115:     psfmagerr_r double precision NOT NULL,
DEBUG:digestor.sdss.SDSS.parseLine:116: metadata = '--/U mag --/D Error of PSF magnitudes in u, g, r, i, z bands'
DEBUG:digestor.sdss.SDSS.parseColumnMetadata:177: p['description'] = 'Error of PSF magnitudes in u, g, r, i, z bands'
DEBUG:digestor.sdss.SDSS.parseColumnMetadata:177: p['unit'] = 'mag'
DEBUG:digestor.sdss.SDSS.parseLine:128: self.mapping['psfmagerr_r'] = 'PSFMAGERR[2]'
DEBUG:digestor.sdss.SDSS.parseLine:115:     psfmagerr_i double precision NOT NULL,
DEBUG:digestor.sdss.SDSS.parseLine:116: metadata = '--/U mag --/D Error of PSF magnitudes in u, g, r, i, z bands'
DEBUG:digestor.sdss.SDSS.parseColumnMetadata:177: p['description'] = 'Error of PSF magnitudes in u, g, r, i, z bands'
DEBUG:digestor.sdss.SDSS.parseColumnMetadata:177: p['unit'] = 'mag'
DEBUG:digestor.sdss.SDSS.parseLine:128: self.mapping['psfmagerr_i'] = 'PSFMAGERR[3]'
DEBUG:digestor.sdss.SDSS.parseLine:115:     psfmagerr_z double precision NOT NULL,
DEBUG:digestor.sdss.SDSS.parseLine:116: metadata = '--/U mag --/D Error of PSF magnitudes in u, g, r, i, z bands'
DEBUG:digestor.sdss.SDSS.parseColumnMetadata:177: p['description'] = 'Error of PSF magnitudes in u, g, r, i, z bands'
DEBUG:digestor.sdss.SDSS.parseColumnMetadata:177: p['unit'] = 'mag'
DEBUG:digestor.sdss.SDSS.parseLine:128: self.mapping['psfmagerr_z'] = 'PSFMAGERR[4]'
DEBUG:digestor.sdss.SDSS.parseLine:115:     extinction_u double precision NOT NULL,
DEBUG:digestor.sdss.SDSS.parseLine:116: metadata = '--/U mag --/D Galactic extinction in u, g, r, i, z bands'
DEBUG:digestor.sdss.SDSS.parseColumnMetadata:177: p['description'] = 'Galactic extinction in u, g, r, i, z bands'
DEBUG:digestor.sdss.SDSS.parseColumnMetadata:177: p['unit'] = 'mag'
DEBUG:digestor.sdss.SDSS.parseLine:128: self.mapping['extinction_u'] = 'EXTINCTION[0]'
DEBUG:digestor.sdss.SDSS.parseLine:115:     extinction_g double precision NOT NULL,
DEBUG:digestor.sdss.SDSS.parseLine:116: metadata = '--/U mag --/D Galactic extinction in u, g, r, i, z bands'
DEBUG:digestor.sdss.SDSS.parseColumnMetadata:177: p['description'] = 'Galactic extinction in u, g, r, i, z bands'
DEBUG:digestor.sdss.SDSS.parseColumnMetadata:177: p['unit'] = 'mag'
DEBUG:digestor.sdss.SDSS.parseLine:128: self.mapping['extinction_g'] = 'EXTINCTION[1]'
DEBUG:digestor.sdss.SDSS.parseLine:115:     extinction_r double precision NOT NULL,
DEBUG:digestor.sdss.SDSS.parseLine:116: metadata = '--/U mag --/D Galactic extinction in u, g, r, i, z bands'
DEBUG:digestor.sdss.SDSS.parseColumnMetadata:177: p['description'] = 'Galactic extinction in u, g, r, i, z bands'
DEBUG:digestor.sdss.SDSS.parseColumnMetadata:177: p['unit'] = 'mag'
DEBUG:digestor.sdss.SDSS.parseLine:128: self.mapping['extinction_r'] = 'EXTINCTION[2]'
DEBUG:digestor.sdss.SDSS.parseLine:115:     extinction_i double precision NOT NULL,
DEBUG:digestor.sdss.SDSS.parseLine:116: metadata = '--/U mag --/D Galactic extinction in u, g, r, i, z bands'
DEBUG:digestor.sdss.SDSS.parseColumnMetadata:177: p['description'] = 'Galactic extinction in u, g, r, i, z bands'
DEBUG:digestor.sdss.SDSS.parseColumnMetadata:177: p['unit'] = 'mag'
DEBUG:digestor.sdss.SDSS.parseLine:128: self.mapping['extinction_i'] = 'EXTINCTION[3]'
DEBUG:digestor.sdss.SDSS.parseLine:115:     extinction_z double precision NOT NULL,
DEBUG:digestor.sdss.SDSS.parseLine:116: metadata = '--/U mag --/D Galactic extinction in u, g, r, i, z bands'
DEBUG:digestor.sdss.SDSS.parseColumnMetadata:177: p['description'] = 'Galactic extinction in u, g, r, i, z bands'
DEBUG:digestor.sdss.SDSS.parseColumnMetadata:177: p['unit'] = 'mag'
DEBUG:digestor.sdss.SDSS.parseLine:128: self.mapping['extinction_z'] = 'EXTINCTION[4]'
DEBUG:digestor.sdss.SDSS.parseLine:115:     m_i double precision NOT NULL,
DEBUG:digestor.sdss.SDSS.parseLine:116: metadata = '--/D Absolute i-band magnitude, H0 = 67.6 km s-1 Mpc-1, OMEGAM = 0.31, OMEGAL = 0.69, OMEGAR         =         9.11x10-5. K-corrections taken from Table 4 of Richards et al. (2006). Z_PCA used for redshifts'
DEBUG:digestor.sdss.SDSS.parseColumnMetadata:177: p['description'] = 'Absolute i-band magnitude, H0 = 67.6 km s-1 Mpc-1, OMEGAM = 0.31, OMEGAL = 0.69, OMEGAR         =         9.11x10-5. K-corrections taken from Table 4 of Richards et al. (2006). Z_PCA used for redshifts'
DEBUG:digestor.sdss.SDSS.parseLine:128: self.mapping['m_i'] = 'M[3]'
DEBUG:digestor.sdss.SDSS.parseLine:115:     sn_median_all double precision NOT NULL,
DEBUG:digestor.sdss.SDSS.parseLine:116: metadata = '--/D Median S/N value of all good spectroscopic pixels'
DEBUG:digestor.sdss.SDSS.parseColumnMetadata:177: p['description'] = 'Median S/N value of all good spectroscopic pixels'
DEBUG:digestor.sdss.SDSS.parseLine:115:     galex_matched integer NOT NULL,
DEBUG:digestor.sdss.SDSS.parseLine:116: metadata = '--/D Matching flag for GALEX'
DEBUG:digestor.sdss.SDSS.parseColumnMetadata:177: p['description'] = 'Matching flag for GALEX'
DEBUG:digestor.sdss.SDSS.parseLine:115:     fuv double precision NOT NULL,
DEBUG:digestor.sdss.SDSS.parseLine:116: metadata = '--/U nanomaggies --/D FUV flux from GALEX'
DEBUG:digestor.sdss.SDSS.parseColumnMetadata:177: p['description'] = 'FUV flux from GALEX'
DEBUG:digestor.sdss.SDSS.parseColumnMetadata:177: p['unit'] = 'nanomaggies'
DEBUG:digestor.sdss.SDSS.parseLine:115:     fuv_ivar double precision NOT NULL,
DEBUG:digestor.sdss.SDSS.parseLine:116: metadata = '--/U nanomaggies --/D Inverse variance of FUV flux from GALEX'
DEBUG:digestor.sdss.SDSS.parseColumnMetadata:177: p['description'] = 'Inverse variance of FUV flux from GALEX'
DEBUG:digestor.sdss.SDSS.parseColumnMetadata:177: p['unit'] = 'nanomaggies'
DEBUG:digestor.sdss.SDSS.parseLine:115:     nuv double precision NOT NULL,
DEBUG:digestor.sdss.SDSS.parseLine:116: metadata = '--/U nanomaggies --/D NUV flux from GALEX'
DEBUG:digestor.sdss.SDSS.parseColumnMetadata:177: p['description'] = 'NUV flux from GALEX'
DEBUG:digestor.sdss.SDSS.parseColumnMetadata:177: p['unit'] = 'nanomaggies'
DEBUG:digestor.sdss.SDSS.parseLine:115:     nuv_ivar double precision NOT NULL,
DEBUG:digestor.sdss.SDSS.parseLine:116: metadata = '--/U 1/nanomaggies^2 --/D Inverse variance of NUV flux from GALEX'
DEBUG:digestor.sdss.SDSS.parseColumnMetadata:177: p['description'] = 'Inverse variance of NUV flux from GALEX'
DEBUG:digestor.sdss.SDSS.parseColumnMetadata:177: p['unit'] = '1/nanomaggies^2'
DEBUG:digestor.sdss.SDSS.parseLine:115:     ukidss_matched integer NOT NULL,
DEBUG:digestor.sdss.SDSS.parseLine:116: metadata = '--/D Matching flag for UKIDSS'
DEBUG:digestor.sdss.SDSS.parseColumnMetadata:177: p['description'] = 'Matching flag for UKIDSS'
DEBUG:digestor.sdss.SDSS.parseLine:115:     yflux double precision NOT NULL,
DEBUG:digestor.sdss.SDSS.parseLine:116: metadata = '--/U W/m2/Hz --/D Y-band flux density from UKIDSS in W m-2 Hz-1'
DEBUG:digestor.sdss.SDSS.parseColumnMetadata:177: p['description'] = 'Y-band flux density from UKIDSS in W m-2 Hz-1'
DEBUG:digestor.sdss.SDSS.parseColumnMetadata:177: p['unit'] = 'W/m2/Hz'
DEBUG:digestor.sdss.SDSS.parseLine:115:     yflux_err double precision NOT NULL,
DEBUG:digestor.sdss.SDSS.parseLine:116: metadata = '--/U W/m2/Hz --/D Error in Y-band flux density from UKIDSS in W m-2 Hz-1'
DEBUG:digestor.sdss.SDSS.parseColumnMetadata:177: p['description'] = 'Error in Y-band flux density from UKIDSS in W m-2 Hz-1'
DEBUG:digestor.sdss.SDSS.parseColumnMetadata:177: p['unit'] = 'W/m2/Hz'
DEBUG:digestor.sdss.SDSS.parseLine:115:     jflux double precision NOT NULL,
DEBUG:digestor.sdss.SDSS.parseLine:116: metadata = '--/U W/m2/Hz --/D J-band flux density from UKIDSS in W m-2 Hz-1'
DEBUG:digestor.sdss.SDSS.parseColumnMetadata:177: p['description'] = 'J-band flux density from UKIDSS in W m-2 Hz-1'
DEBUG:digestor.sdss.SDSS.parseColumnMetadata:177: p['unit'] = 'W/m2/Hz'
DEBUG:digestor.sdss.SDSS.parseLine:115:     jflux_err double precision NOT NULL,
DEBUG:digestor.sdss.SDSS.parseLine:116: metadata = '--/U W/m2/Hz --/D Error in J-band flux density from UKIDSS in W m-2 Hz-1'
DEBUG:digestor.sdss.SDSS.parseColumnMetadata:177: p['description'] = 'Error in J-band flux density from UKIDSS in W m-2 Hz-1'
DEBUG:digestor.sdss.SDSS.parseColumnMetadata:177: p['unit'] = 'W/m2/Hz'
DEBUG:digestor.sdss.SDSS.parseLine:115:     hflux double precision NOT NULL,
DEBUG:digestor.sdss.SDSS.parseLine:116: metadata = '--/U W/m2/Hz --/D H-band flux density from UKIDSS in W m-2 Hz-1'
DEBUG:digestor.sdss.SDSS.parseColumnMetadata:177: p['description'] = 'H-band flux density from UKIDSS in W m-2 Hz-1'
DEBUG:digestor.sdss.SDSS.parseColumnMetadata:177: p['unit'] = 'W/m2/Hz'
DEBUG:digestor.sdss.SDSS.parseLine:115:     hflux_err double precision NOT NULL,
DEBUG:digestor.sdss.SDSS.parseLine:116: metadata = '--/U W/m2/Hz --/D Error in H-band flux density from UKIDSS in W m-2 Hz-1'
DEBUG:digestor.sdss.SDSS.parseColumnMetadata:177: p['description'] = 'Error in H-band flux density from UKIDSS in W m-2 Hz-1'
DEBUG:digestor.sdss.SDSS.parseColumnMetadata:177: p['unit'] = 'W/m2/Hz'
DEBUG:digestor.sdss.SDSS.parseLine:115:     kflux double precision NOT NULL,
DEBUG:digestor.sdss.SDSS.parseLine:116: metadata = '--/U W/m2/Hz --/D K-band flux density from UKIDSS in W m-2 Hz-1'
DEBUG:digestor.sdss.SDSS.parseColumnMetadata:177: p['description'] = 'K-band flux density from UKIDSS in W m-2 Hz-1'
DEBUG:digestor.sdss.SDSS.parseColumnMetadata:177: p['unit'] = 'W/m2/Hz'
DEBUG:digestor.sdss.SDSS.parseLine:115:     kflux_err double precision NOT NULL,
DEBUG:digestor.sdss.SDSS.parseLine:116: metadata = '--/U W/m2/Hz --/D Error in K-band flux density from UKIDSS in W m-2 Hz-1'
DEBUG:digestor.sdss.SDSS.parseColumnMetadata:177: p['description'] = 'Error in K-band flux density from UKIDSS in W m-2 Hz-1'
DEBUG:digestor.sdss.SDSS.parseColumnMetadata:177: p['unit'] = 'W/m2/Hz'
DEBUG:digestor.sdss.SDSS.parseLine:115:     w1_flux double precision NOT NULL,
DEBUG:digestor.sdss.SDSS.parseLine:116: metadata = '--/D WISE flux in W1-band (Vega, nanomaggies)'
DEBUG:digestor.sdss.SDSS.parseColumnMetadata:177: p['description'] = 'WISE flux in W1-band (Vega, nanomaggies)'
DEBUG:digestor.sdss.SDSS.parseLine:115:     w1_flux_ivar double precision NOT NULL,
DEBUG:digestor.sdss.SDSS.parseLine:116: metadata = '--/D Inverse variance in W1-band (Vega, nanomaggies-2)'
DEBUG:digestor.sdss.SDSS.parseColumnMetadata:177: p['description'] = 'Inverse variance in W1-band (Vega, nanomaggies-2)'
DEBUG:digestor.sdss.SDSS.parseLine:115:     w1_mag double precision NOT NULL,
DEBUG:digestor.sdss.SDSS.parseLine:116: metadata = '--/U mag --/D W1-band magnitude (Vega)'
DEBUG:digestor.sdss.SDSS.parseColumnMetadata:177: p['description'] = 'W1-band magnitude (Vega)'
DEBUG:digestor.sdss.SDSS.parseColumnMetadata:177: p['unit'] = 'mag'
DEBUG:digestor.sdss.SDSS.parseLine:115:     w1_mag_err double precision NOT NULL,
DEBUG:digestor.sdss.SDSS.parseLine:116: metadata = '--/U mag --/D W1-band uncertainty in magnitude (Vega)'
DEBUG:digestor.sdss.SDSS.parseColumnMetadata:177: p['description'] = 'W1-band uncertainty in magnitude (Vega)'
DEBUG:digestor.sdss.SDSS.parseColumnMetadata:177: p['unit'] = 'mag'
DEBUG:digestor.sdss.SDSS.parseLine:115:     w1_chi2 double precision NOT NULL,
DEBUG:digestor.sdss.SDSS.parseLine:116: metadata = '--/D Profile-weighed Chi^2'
DEBUG:digestor.sdss.SDSS.parseColumnMetadata:177: p['description'] = 'Profile-weighed Chi^2'
DEBUG:digestor.sdss.SDSS.parseLine:115:     w1_flux_snr double precision NOT NULL,
DEBUG:digestor.sdss.SDSS.parseLine:116: metadata = '--/D S/N from flux and inverse variance'
DEBUG:digestor.sdss.SDSS.parseColumnMetadata:177: p['description'] = 'S/N from flux and inverse variance'
DEBUG:digestor.sdss.SDSS.parseLine:115:     w1_src_frac double precision NOT NULL,
DEBUG:digestor.sdss.SDSS.parseLine:116: metadata = '--/D Profile-weighted number of exposures in coadd'
DEBUG:digestor.sdss.SDSS.parseColumnMetadata:177: p['description'] = 'Profile-weighted number of exposures in coadd'
DEBUG:digestor.sdss.SDSS.parseLine:115:     w1_ext_flux double precision NOT NULL,
DEBUG:digestor.sdss.SDSS.parseLine:116: metadata = '--/D Profile-weighted flux from other sources'
DEBUG:digestor.sdss.SDSS.parseColumnMetadata:177: p['description'] = 'Profile-weighted flux from other sources'
DEBUG:digestor.sdss.SDSS.parseLine:115:     w1_ext_frac double precision NOT NULL,
DEBUG:digestor.sdss.SDSS.parseLine:116: metadata = '--/D Profile-weighted fraction of flux from other sources (blendedness measure)'
DEBUG:digestor.sdss.SDSS.parseColumnMetadata:177: p['description'] = 'Profile-weighted fraction of flux from other sources (blendedness measure)'
DEBUG:digestor.sdss.SDSS.parseLine:115:     w1_npix integer NOT NULL,
DEBUG:digestor.sdss.SDSS.parseLine:116: metadata = '--/D Number of pixels in fit'
DEBUG:digestor.sdss.SDSS.parseColumnMetadata:177: p['description'] = 'Number of pixels in fit'
DEBUG:digestor.sdss.SDSS.parseLine:115:     w2_flux double precision NOT NULL,
DEBUG:digestor.sdss.SDSS.parseLine:116: metadata = '--/D WISE flux in W2-band (Vega, nanomaggies)'
DEBUG:digestor.sdss.SDSS.parseColumnMetadata:177: p['description'] = 'WISE flux in W2-band (Vega, nanomaggies)'
DEBUG:digestor.sdss.SDSS.parseLine:115:     w2_flux_ivar double precision NOT NULL,
DEBUG:digestor.sdss.SDSS.parseLine:116: metadata = '--/D Inverse variance in W2-band (Vega, nanomaggies-2)'
DEBUG:digestor.sdss.SDSS.parseColumnMetadata:177: p['description'] = 'Inverse variance in W2-band (Vega, nanomaggies-2)'
DEBUG:digestor.sdss.SDSS.parseLine:115:     w2_mag double precision NOT NULL,
DEBUG:digestor.sdss.SDSS.parseLine:116: metadata = '--/U mag --/D W2-band magnitude (Vega)'
DEBUG:digestor.sdss.SDSS.parseColumnMetadata:177: p['description'] = 'W2-band magnitude (Vega)'
DEBUG:digestor.sdss.SDSS.parseColumnMetadata:177: p['unit'] = 'mag'
DEBUG:digestor.sdss.SDSS.parseLine:115:     w2_mag_err double precision NOT NULL,
DEBUG:digestor.sdss.SDSS.parseLine:116: metadata = '--/U mag --/D W2-band uncertainty in magnitude (Vega)'
DEBUG:digestor.sdss.SDSS.parseColumnMetadata:177: p['description'] = 'W2-band uncertainty in magnitude (Vega)'
DEBUG:digestor.sdss.SDSS.parseColumnMetadata:177: p['unit'] = 'mag'
DEBUG:digestor.sdss.SDSS.parseLine:115:     w2_chi2 double precision NOT NULL,
DEBUG:digestor.sdss.SDSS.parseLine:116: metadata = '--/D Profile-weighed Chi^2'
DEBUG:digestor.sdss.SDSS.parseColumnMetadata:177: p['description'] = 'Profile-weighed Chi^2'
DEBUG:digestor.sdss.SDSS.parseLine:115:     w2_flux_snr double precision NOT NULL,
DEBUG:digestor.sdss.SDSS.parseLine:116: metadata = '--/D S/N from flux and inverse variance'
DEBUG:digestor.sdss.SDSS.parseColumnMetadata:177: p['description'] = 'S/N from flux and inverse variance'
DEBUG:digestor.sdss.SDSS.parseLine:115:     w2_src_frac double precision NOT NULL,
DEBUG:digestor.sdss.SDSS.parseLine:116: metadata = '--/D Profile-weighted number of exposures in coadd'
DEBUG:digestor.sdss.SDSS.parseColumnMetadata:177: p['description'] = 'Profile-weighted number of exposures in coadd'
DEBUG:digestor.sdss.SDSS.parseLine:115:     w2_ext_flux double precision NOT NULL,
DEBUG:digestor.sdss.SDSS.parseLine:116: metadata = '--/D Profile-weighted flux from other sources'
DEBUG:digestor.sdss.SDSS.parseColumnMetadata:177: p['description'] = 'Profile-weighted flux from other sources'
DEBUG:digestor.sdss.SDSS.parseLine:115:     w2_ext_frac double precision NOT NULL,
DEBUG:digestor.sdss.SDSS.parseLine:116: metadata = '--/D Profile-weighted fraction of flux from other sources (blendedness measure)'
DEBUG:digestor.sdss.SDSS.parseColumnMetadata:177: p['description'] = 'Profile-weighted fraction of flux from other sources (blendedness measure)'
DEBUG:digestor.sdss.SDSS.parseLine:115:     w2_npix integer NOT NULL,
DEBUG:digestor.sdss.SDSS.parseLine:116: metadata = '--/D Number of pixels in fit'
DEBUG:digestor.sdss.SDSS.parseColumnMetadata:177: p['description'] = 'Number of pixels in fit'
DEBUG:digestor.sdss.SDSS.parseLine:115:     first_matched integer NOT NULL,
DEBUG:digestor.sdss.SDSS.parseLine:116: metadata = '--/D Matching flag for FIRST'
DEBUG:digestor.sdss.SDSS.parseColumnMetadata:177: p['description'] = 'Matching flag for FIRST'
DEBUG:digestor.sdss.SDSS.parseLine:115:     first_flux double precision NOT NULL,
DEBUG:digestor.sdss.SDSS.parseLine:116: metadata = '--/U mJy --/D FIRST peak flux density at 20 cm in mJy'
DEBUG:digestor.sdss.SDSS.parseColumnMetadata:177: p['description'] = 'FIRST peak flux density at 20 cm in mJy'
DEBUG:digestor.sdss.SDSS.parseColumnMetadata:177: p['unit'] = 'mJy'
DEBUG:digestor.sdss.SDSS.parseLine:115:     first_snr double precision NOT NULL,
DEBUG:digestor.sdss.SDSS.parseLine:116: metadata = '--/D FIRST flux density S/N'
DEBUG:digestor.sdss.SDSS.parseColumnMetadata:177: p['description'] = 'FIRST flux density S/N'
DEBUG:digestor.sdss.SDSS.parseLine:115:     sdss2first_sep double precision NOT NULL,
DEBUG:digestor.sdss.SDSS.parseLine:116: metadata = '--/U arcsec --/D SDSS-FIRST separation in arcsec'
DEBUG:digestor.sdss.SDSS.parseColumnMetadata:177: p['description'] = 'SDSS-FIRST separation in arcsec'
DEBUG:digestor.sdss.SDSS.parseColumnMetadata:177: p['unit'] = 'arcsec'
DEBUG:digestor.sdss.SDSS.parseLine:115:     jmag double precision NOT NULL,
DEBUG:digestor.sdss.SDSS.parseLine:116: metadata = '--/U mag --/D 2MASS J-band magnitude (Vega)'
DEBUG:digestor.sdss.SDSS.parseColumnMetadata:177: p['description'] = '2MASS J-band magnitude (Vega)'
DEBUG:digestor.sdss.SDSS.parseColumnMetadata:177: p['unit'] = 'mag'
DEBUG:digestor.sdss.SDSS.parseLine:115:     jmag_err double precision NOT NULL,
DEBUG:digestor.sdss.SDSS.parseLine:116: metadata = '--/U mag --/D 2MASS Error in J-band magnitude'
DEBUG:digestor.sdss.SDSS.parseColumnMetadata:177: p['description'] = '2MASS Error in J-band magnitude'
DEBUG:digestor.sdss.SDSS.parseColumnMetadata:177: p['unit'] = 'mag'
DEBUG:digestor.sdss.SDSS.parseLine:115:     jsnr double precision NOT NULL,
DEBUG:digestor.sdss.SDSS.parseLine:116: metadata = '--/D 2MASS J-band S/N'
DEBUG:digestor.sdss.SDSS.parseColumnMetadata:177: p['description'] = '2MASS J-band S/N'
DEBUG:digestor.sdss.SDSS.parseLine:115:     jrdflag smallint NOT NULL,
DEBUG:digestor.sdss.SDSS.parseLine:116: metadata = '--/D 2MASS J-band photometry flag'
DEBUG:digestor.sdss.SDSS.parseColumnMetadata:177: p['description'] = '2MASS J-band photometry flag'
DEBUG:digestor.sdss.SDSS.parseLine:115:     hmag double precision NOT NULL,
DEBUG:digestor.sdss.SDSS.parseLine:116: metadata = '--/U mag --/D 2MASS H-band magnitude (Vega)'
DEBUG:digestor.sdss.SDSS.parseColumnMetadata:177: p['description'] = '2MASS H-band magnitude (Vega)'
DEBUG:digestor.sdss.SDSS.parseColumnMetadata:177: p['unit'] = 'mag'
DEBUG:digestor.sdss.SDSS.parseLine:115:     hmag_err double precision NOT NULL,
DEBUG:digestor.sdss.SDSS.parseLine:116: metadata = '--/U mag --/D 2MASS Error in H-band magnitude'
DEBUG:digestor.sdss.SDSS.parseColumnMetadata:177: p['description'] = '2MASS Error in H-band magnitude'
DEBUG:digestor.sdss.SDSS.parseColumnMetadata:177: p['unit'] = 'mag'
DEBUG:digestor.sdss.SDSS.parseLine:115:     hsnr double precision NOT NULL,
DEBUG:digestor.sdss.SDSS.parseLine:116: metadata = '--/D 2MASS H-band S/N'
DEBUG:digestor.sdss.SDSS.parseColumnMetadata:177: p['description'] = '2MASS H-band S/N'
DEBUG:digestor.sdss.SDSS.parseLine:115:     hrdflag smallint NOT NULL,
DEBUG:digestor.sdss.SDSS.parseLine:116: metadata = '--/D 2MASS H-band photometry flag'
DEBUG:digestor.sdss.SDSS.parseColumnMetadata:177: p['description'] = '2MASS H-band photometry flag'
DEBUG:digestor.sdss.SDSS.parseLine:115:     kmag double precision NOT NULL,
DEBUG:digestor.sdss.SDSS.parseLine:116: metadata = '--/U mag --/D 2MASS Ks-band magnitude (Vega)'
DEBUG:digestor.sdss.SDSS.parseColumnMetadata:177: p['description'] = '2MASS Ks-band magnitude (Vega)'
DEBUG:digestor.sdss.SDSS.parseColumnMetadata:177: p['unit'] = 'mag'
DEBUG:digestor.sdss.SDSS.parseLine:115:     kmag_err double precision NOT NULL,
DEBUG:digestor.sdss.SDSS.parseLine:116: metadata = '--/U mag --/D 2MASS Error in Ks-band magnitude'
DEBUG:digestor.sdss.SDSS.parseColumnMetadata:177: p['description'] = '2MASS Error in Ks-band magnitude'
DEBUG:digestor.sdss.SDSS.parseColumnMetadata:177: p['unit'] = 'mag'
DEBUG:digestor.sdss.SDSS.parseLine:115:     ksnr double precision NOT NULL,
DEBUG:digestor.sdss.SDSS.parseLine:116: metadata = '--/D 2MASS Ks-band S/N'
DEBUG:digestor.sdss.SDSS.parseColumnMetadata:177: p['description'] = '2MASS Ks-band S/N'
DEBUG:digestor.sdss.SDSS.parseLine:115:     krdflag smallint NOT NULL,
DEBUG:digestor.sdss.SDSS.parseLine:116: metadata = '--/D 2MASS Ks-band photometry flag'
DEBUG:digestor.sdss.SDSS.parseColumnMetadata:177: p['description'] = '2MASS Ks-band photometry flag'
DEBUG:digestor.sdss.SDSS.parseLine:115:     sdss2mass_sep double precision NOT NULL,
DEBUG:digestor.sdss.SDSS.parseLine:116: metadata = '--/U arcsec --/D SDSS-2MASS separation in arcsec'
DEBUG:digestor.sdss.SDSS.parseColumnMetadata:177: p['description'] = 'SDSS-2MASS separation in arcsec'
DEBUG:digestor.sdss.SDSS.parseColumnMetadata:177: p['unit'] = 'arcsec'
DEBUG:digestor.sdss.SDSS.parseLine:115:     2rxs_id varchar(21) NOT NULL,
DEBUG:digestor.sdss.SDSS.parseLine:116: metadata = '--/D ROSAT ID'
DEBUG:digestor.sdss.SDSS.parseColumnMetadata:177: p['description'] = 'ROSAT ID'
DEBUG:digestor.sdss.SDSS.parseLine:115:     2rxs_ra double precision NOT NULL,
DEBUG:digestor.sdss.SDSS.parseLine:116: metadata = '--/D Right ascension of the ROSAT source in decimal degrees (J2000)'
DEBUG:digestor.sdss.SDSS.parseColumnMetadata:177: p['description'] = 'Right ascension of the ROSAT source in decimal degrees (J2000)'
DEBUG:digestor.sdss.SDSS.parseLine:115:     2rxs_dec double precision NOT NULL,
DEBUG:digestor.sdss.SDSS.parseLine:116: metadata = '--/D Declination of the ROSAT source in decimal degrees (J2000)'
DEBUG:digestor.sdss.SDSS.parseColumnMetadata:177: p['description'] = 'Declination of the ROSAT source in decimal degrees (J2000)'
DEBUG:digestor.sdss.SDSS.parseLine:115:     2rxs_src_flux double precision NOT NULL,
DEBUG:digestor.sdss.SDSS.parseLine:116: metadata = '--/D ROSAT source flux in 0.5-2.0 keV band in erg s-1 cm-2 (G = 2.4, dered)'
DEBUG:digestor.sdss.SDSS.parseColumnMetadata:177: p['description'] = 'ROSAT source flux in 0.5-2.0 keV band in erg s-1 cm-2 (G = 2.4, dered)'
DEBUG:digestor.sdss.SDSS.parseLine:115:     2rxs_src_flux_err double precision NOT NULL,
DEBUG:digestor.sdss.SDSS.parseLine:116: metadata = '--/D ROSAT source flux error in 0.5-2.0 keV band in erg s-1 cm-2 (G = 2.4, dered)'
DEBUG:digestor.sdss.SDSS.parseColumnMetadata:177: p['description'] = 'ROSAT source flux error in 0.5-2.0 keV band in erg s-1 cm-2 (G = 2.4, dered)'
DEBUG:digestor.sdss.SDSS.parseLine:115:     sdss2rosat_sep double precision NOT NULL,
DEBUG:digestor.sdss.SDSS.parseLine:116: metadata = '--/U arcsec --/D SDSS-ROSAT separation in arcsec'
DEBUG:digestor.sdss.SDSS.parseColumnMetadata:177: p['description'] = 'SDSS-ROSAT separation in arcsec'
DEBUG:digestor.sdss.SDSS.parseColumnMetadata:177: p['unit'] = 'arcsec'
DEBUG:digestor.sdss.SDSS.parseLine:115:     xmm_src_id bigint NOT NULL,
DEBUG:digestor.sdss.SDSS.parseLine:116: metadata = '--/D XMM source ID'
DEBUG:digestor.sdss.SDSS.parseColumnMetadata:177: p['description'] = 'XMM source ID'
DEBUG:digestor.sdss.SDSS.parseLine:115:     xmm_ra double precision NOT NULL,
DEBUG:digestor.sdss.SDSS.parseLine:116: metadata = '--/D Right ascension for XMM source in decimal degrees (J2000)'
DEBUG:digestor.sdss.SDSS.parseColumnMetadata:177: p['description'] = 'Right ascension for XMM source in decimal degrees (J2000)'
DEBUG:digestor.sdss.SDSS.parseLine:115:     xmm_dec double precision NOT NULL,
DEBUG:digestor.sdss.SDSS.parseLine:116: metadata = '--/D Declination for XMM source in decimal degrees (J2000)'
DEBUG:digestor.sdss.SDSS.parseColumnMetadata:177: p['description'] = 'Declination for XMM source in decimal degrees (J2000)'
DEBUG:digestor.sdss.SDSS.parseLine:115:     xmm_soft_flux double precision NOT NULL,
DEBUG:digestor.sdss.SDSS.parseLine:116: metadata = '--/U ergs/cm2/s --/D Soft (0.2-2.0 keV) X-ray flux from XMM-Newton in erg s-1 cm-2'
DEBUG:digestor.sdss.SDSS.parseColumnMetadata:177: p['description'] = 'Soft (0.2-2.0 keV) X-ray flux from XMM-Newton in erg s-1 cm-2'
DEBUG:digestor.sdss.SDSS.parseColumnMetadata:177: p['unit'] = 'ergs/cm2/s'
DEBUG:digestor.sdss.SDSS.parseLine:115:     xmm_soft_flux_err double precision NOT NULL,
DEBUG:digestor.sdss.SDSS.parseLine:116: metadata = '--/U ergs/cm2/s --/D Error on soft X-ray flux from XMM-Newton in erg s-1 cm-2'
DEBUG:digestor.sdss.SDSS.parseColumnMetadata:177: p['description'] = 'Error on soft X-ray flux from XMM-Newton in erg s-1 cm-2'
DEBUG:digestor.sdss.SDSS.parseColumnMetadata:177: p['unit'] = 'ergs/cm2/s'
DEBUG:digestor.sdss.SDSS.parseLine:115:     xmm_hard_flux double precision NOT NULL,
DEBUG:digestor.sdss.SDSS.parseLine:116: metadata = '--/U ergs/cm2/s --/D Hard (2.0-12.0 keV) X-ray flux from XMM-Newton in erg s-1 cm-2'
DEBUG:digestor.sdss.SDSS.parseColumnMetadata:177: p['description'] = 'Hard (2.0-12.0 keV) X-ray flux from XMM-Newton in erg s-1 cm-2'
DEBUG:digestor.sdss.SDSS.parseColumnMetadata:177: p['unit'] = 'ergs/cm2/s'
DEBUG:digestor.sdss.SDSS.parseLine:115:     xmm_hard_flux_err double precision NOT NULL,
DEBUG:digestor.sdss.SDSS.parseLine:116: metadata = '--/U ergs/cm2/s --/D Error on hard X-ray flux from XMM-Newton in erg s-1 cm-2'
DEBUG:digestor.sdss.SDSS.parseColumnMetadata:177: p['description'] = 'Error on hard X-ray flux from XMM-Newton in erg s-1 cm-2'
DEBUG:digestor.sdss.SDSS.parseColumnMetadata:177: p['unit'] = 'ergs/cm2/s'
DEBUG:digestor.sdss.SDSS.parseLine:115:     xmm_total_flux double precision NOT NULL,
DEBUG:digestor.sdss.SDSS.parseLine:116: metadata = '--/U ergs/cm2/s --/D Total (0.2-12.0 keV) X-ray flux from XMM-Newton in erg s-1 cm-2'
DEBUG:digestor.sdss.SDSS.parseColumnMetadata:177: p['description'] = 'Total (0.2-12.0 keV) X-ray flux from XMM-Newton in erg s-1 cm-2'
DEBUG:digestor.sdss.SDSS.parseColumnMetadata:177: p['unit'] = 'ergs/cm2/s'
DEBUG:digestor.sdss.SDSS.parseLine:115:     xmm_total_flux_err double precision NOT NULL,
DEBUG:digestor.sdss.SDSS.parseLine:116: metadata = '--/U ergs/cm2/s --/D Error on total X-ray flux from XMM-Newton in erg s-1 cm-2'
DEBUG:digestor.sdss.SDSS.parseColumnMetadata:177: p['description'] = 'Error on total X-ray flux from XMM-Newton in erg s-1 cm-2'
DEBUG:digestor.sdss.SDSS.parseColumnMetadata:177: p['unit'] = 'ergs/cm2/s'
DEBUG:digestor.sdss.SDSS.parseLine:115:     xmm_total_lum double precision NOT NULL,
DEBUG:digestor.sdss.SDSS.parseLine:116: metadata = '--/U ergs/s --/D Total (0.2-12.0 keV) X-ray luminosity from XMM-Newton in erg s-1'
DEBUG:digestor.sdss.SDSS.parseColumnMetadata:177: p['description'] = 'Total (0.2-12.0 keV) X-ray luminosity from XMM-Newton in erg s-1'
DEBUG:digestor.sdss.SDSS.parseColumnMetadata:177: p['unit'] = 'ergs/s'
DEBUG:digestor.sdss.SDSS.parseLine:115:     sdss2xmm_sep double precision NOT NULL,
DEBUG:digestor.sdss.SDSS.parseLine:116: metadata = '--/U arcsec --/D SDSS-XMM-Newton separation in arcsec'
DEBUG:digestor.sdss.SDSS.parseColumnMetadata:177: p['description'] = 'SDSS-XMM-Newton separation in arcsec'
DEBUG:digestor.sdss.SDSS.parseColumnMetadata:177: p['unit'] = 'arcsec'
DEBUG:digestor.sdss.SDSS.parseLine:115:     gaia_matched integer NOT NULL,
DEBUG:digestor.sdss.SDSS.parseLine:116: metadata = '--/D Gaia matching flag'
DEBUG:digestor.sdss.SDSS.parseColumnMetadata:177: p['description'] = 'Gaia matching flag'
DEBUG:digestor.sdss.SDSS.parseLine:115:     gaia_designation varchar(28) NOT NULL,
DEBUG:digestor.sdss.SDSS.parseLine:116: metadata = '--/D Gaia designation, includes data release and source ID in that release'
DEBUG:digestor.sdss.SDSS.parseColumnMetadata:177: p['description'] = 'Gaia designation, includes data release and source ID in that release'
DEBUG:digestor.sdss.SDSS.parseLine:115:     gaia_ra double precision NOT NULL,
DEBUG:digestor.sdss.SDSS.parseLine:116: metadata = '--/D Gaia barycentric right ascension in decimal degrees (J2015.5)'
DEBUG:digestor.sdss.SDSS.parseColumnMetadata:177: p['description'] = 'Gaia barycentric right ascension in decimal degrees (J2015.5)'
DEBUG:digestor.sdss.SDSS.parseLine:115:     gaia_dec double precision NOT NULL,
DEBUG:digestor.sdss.SDSS.parseLine:116: metadata = '--/D Gaia barycentric declination in decimal degrees (J2015.5)'
DEBUG:digestor.sdss.SDSS.parseColumnMetadata:177: p['description'] = 'Gaia barycentric declination in decimal degrees (J2015.5)'
DEBUG:digestor.sdss.SDSS.parseLine:115:     gaia_parallax double precision NOT NULL,
DEBUG:digestor.sdss.SDSS.parseLine:116: metadata = '--/D Absolute stellar parallax (J2015.5)'
DEBUG:digestor.sdss.SDSS.parseColumnMetadata:177: p['description'] = 'Absolute stellar parallax (J2015.5)'
DEBUG:digestor.sdss.SDSS.parseLine:115:     gaia_parallax_err double precision NOT NULL,
DEBUG:digestor.sdss.SDSS.parseLine:116: metadata = '--/D Inverse variance of the stellar parallax (J2015.5)'
DEBUG:digestor.sdss.SDSS.parseColumnMetadata:177: p['description'] = 'Inverse variance of the stellar parallax (J2015.5)'
DEBUG:digestor.sdss.SDSS.parseLine:115:     gaia_pm_ra double precision NOT NULL,
DEBUG:digestor.sdss.SDSS.parseLine:116: metadata = '--/D Proper motion in right ascension (mas yr-1, J2015.5)'
DEBUG:digestor.sdss.SDSS.parseColumnMetadata:177: p['description'] = 'Proper motion in right ascension (mas yr-1, J2015.5)'
DEBUG:digestor.sdss.SDSS.parseLine:115:     gaia_pm_ra_err double precision NOT NULL,
DEBUG:digestor.sdss.SDSS.parseLine:116: metadata = '--/D Inverse variance of the proper motion in right ascension (yr2 mas-2, J2015.5)'
DEBUG:digestor.sdss.SDSS.parseColumnMetadata:177: p['description'] = 'Inverse variance of the proper motion in right ascension (yr2 mas-2, J2015.5)'
DEBUG:digestor.sdss.SDSS.parseLine:115:     gaia_pm_dec double precision NOT NULL,
DEBUG:digestor.sdss.SDSS.parseLine:116: metadata = '--/D Proper motion in declination (mas yr-1, J2015.5)'
DEBUG:digestor.sdss.SDSS.parseColumnMetadata:177: p['description'] = 'Proper motion in declination (mas yr-1, J2015.5)'
DEBUG:digestor.sdss.SDSS.parseLine:115:     gaia_pm_dec_err double precision NOT NULL,
DEBUG:digestor.sdss.SDSS.parseLine:116: metadata = '--/D Inverse variance of the proper motion in declination (yr2 mas-2, J2015.5)'
DEBUG:digestor.sdss.SDSS.parseColumnMetadata:177: p['description'] = 'Inverse variance of the proper motion in declination (yr2 mas-2, J2015.5)'
DEBUG:digestor.sdss.SDSS.parseLine:115:     gaia_g_mag double precision NOT NULL,
DEBUG:digestor.sdss.SDSS.parseLine:116: metadata = '--/D Mean magnitude in G-band (Vega)'
DEBUG:digestor.sdss.SDSS.parseColumnMetadata:177: p['description'] = 'Mean magnitude in G-band (Vega)'
DEBUG:digestor.sdss.SDSS.parseLine:115:     gaia_g_flux_snr double precision NOT NULL,
DEBUG:digestor.sdss.SDSS.parseLine:116: metadata = '--/D Mean flux over standard deviation in G-band (Vega)'
DEBUG:digestor.sdss.SDSS.parseColumnMetadata:177: p['description'] = 'Mean flux over standard deviation in G-band (Vega)'
DEBUG:digestor.sdss.SDSS.parseLine:115:     gaia_bp_mag double precision NOT NULL,
DEBUG:digestor.sdss.SDSS.parseLine:116: metadata = '--/D Mean magnitude in BP-band (Vega)'
DEBUG:digestor.sdss.SDSS.parseColumnMetadata:177: p['description'] = 'Mean magnitude in BP-band (Vega)'
DEBUG:digestor.sdss.SDSS.parseLine:115:     gaia_bp_flux_snr double precision NOT NULL,
DEBUG:digestor.sdss.SDSS.parseLine:116: metadata = '--/D Mean flux over standard deviation in BP-band (Vega)'
DEBUG:digestor.sdss.SDSS.parseColumnMetadata:177: p['description'] = 'Mean flux over standard deviation in BP-band (Vega)'
DEBUG:digestor.sdss.SDSS.parseLine:115:     gaia_rp_mag double precision NOT NULL,
DEBUG:digestor.sdss.SDSS.parseLine:116: metadata = '--/D Mean magnitude in RP-band (Vega)'
DEBUG:digestor.sdss.SDSS.parseColumnMetadata:177: p['description'] = 'Mean magnitude in RP-band (Vega)'
DEBUG:digestor.sdss.SDSS.parseLine:115:     gaia_rp_flux_snr double precision NOT NULL,
DEBUG:digestor.sdss.SDSS.parseLine:116: metadata = '--/D Mean flux over standard deviation in RP-band (Vega)'
DEBUG:digestor.sdss.SDSS.parseColumnMetadata:177: p['description'] = 'Mean flux over standard deviation in RP-band (Vega)'
DEBUG:digestor.sdss.SDSS.parseLine:115:     sdss2gaia_sep double precision NOT NULL,
DEBUG:digestor.sdss.SDSS.parseLine:116: metadata = '--/D SDSS-Gaia separation in arcsec'
DEBUG:digestor.sdss.SDSS.parseColumnMetadata:177: p['description'] = 'SDSS-Gaia separation in arcsec'
DEBUG:digestor.sdss.SDSS.parseLine:115:     disk_only boolean NOT NULL ,
DEBUG:digestor.sdss.SDSS.parseLine:116: metadata = '--/D TRUE if the object is not listed in specobjall'
DEBUG:digestor.sdss.SDSS.parseColumnMetadata:177: p['description'] = 'TRUE if the object is not listed in specobjall'
DEBUG:digestor.sdss.SDSS.fixNOFITS:201: No instructions found.
DEBUG:digestor.sdss.SDSS.fixMapping:219: No mappings found.
DEBUG:digestor.sdss.SDSS.mapColumns:270: FITS: htm9 -> SQL: htm9
DEBUG:digestor.sdss.SDSS.mapColumns:270: FITS: ring256 -> SQL: ring256
DEBUG:digestor.sdss.SDSS.mapColumns:270: FITS: nest4096 -> SQL: nest4096
INFO:digestor.sdss.SDSS.mapColumns:278: Skipping random_id which will be added by FITS2DB.
DEBUG:digestor.sdss.SDSS.mapColumns:270: FITS: glon -> SQL: glon
DEBUG:digestor.sdss.SDSS.mapColumns:270: FITS: glat -> SQL: glat
DEBUG:digestor.sdss.SDSS.mapColumns:270: FITS: elon -> SQL: elon
DEBUG:digestor.sdss.SDSS.mapColumns:270: FITS: elat -> SQL: elat
DEBUG:digestor.sdss.SDSS.mapColumns:270: FITS: sdss_joinid -> SQL: sdss_joinid
DEBUG:digestor.sdss.SDSS.mapColumns:270: FITS: SPECOBJID -> SQL: specobjid
DEBUG:digestor.sdss.SDSS.mapColumns:270: FITS: SDSS_NAME -> SQL: sdss_name
DEBUG:digestor.sdss.SDSS.mapColumns:270: FITS: RA -> SQL: ra
DEBUG:digestor.sdss.SDSS.mapColumns:270: FITS: DEC -> SQL: dec
DEBUG:digestor.sdss.SDSS.mapColumns:270: FITS: RUN2D -> SQL: run2d
DEBUG:digestor.sdss.SDSS.mapColumns:270: FITS: PLATE -> SQL: plate
DEBUG:digestor.sdss.SDSS.mapColumns:270: FITS: MJD -> SQL: mjd
DEBUG:digestor.sdss.SDSS.mapColumns:270: FITS: FIBERID -> SQL: fiberid
DEBUG:digestor.sdss.SDSS.mapColumns:270: FITS: AUTOCLASS_PQN -> SQL: autoclass_pqn
DEBUG:digestor.sdss.SDSS.mapColumns:270: FITS: AUTOCLASS_DR14Q -> SQL: autoclass_dr14q
DEBUG:digestor.sdss.SDSS.mapColumns:270: FITS: IS_QSO_QN -> SQL: is_qso_qn
DEBUG:digestor.sdss.SDSS.mapColumns:270: FITS: Z_QN -> SQL: z_qn
DEBUG:digestor.sdss.SDSS.mapColumns:270: FITS: RANDOM_SELECT -> SQL: random_select
DEBUG:digestor.sdss.SDSS.mapColumns:270: FITS: Z_10K -> SQL: z_10k
DEBUG:digestor.sdss.SDSS.mapColumns:270: FITS: Z_CONF_10K -> SQL: z_conf_10k
DEBUG:digestor.sdss.SDSS.mapColumns:270: FITS: PIPE_CORR_10K -> SQL: pipe_corr_10k
DEBUG:digestor.sdss.SDSS.mapColumns:270: FITS: IS_QSO_10K -> SQL: is_qso_10k
DEBUG:digestor.sdss.SDSS.mapColumns:270: FITS: THING_ID -> SQL: thing_id
DEBUG:digestor.sdss.SDSS.mapColumns:270: FITS: Z_VI -> SQL: z_vi
DEBUG:digestor.sdss.SDSS.mapColumns:270: FITS: Z_CONF -> SQL: z_conf
DEBUG:digestor.sdss.SDSS.mapColumns:270: FITS: CLASS_PERSON -> SQL: class_person
DEBUG:digestor.sdss.SDSS.mapColumns:270: FITS: Z_DR12Q -> SQL: z_dr12q
DEBUG:digestor.sdss.SDSS.mapColumns:270: FITS: IS_QSO_DR12Q -> SQL: is_qso_dr12q
DEBUG:digestor.sdss.SDSS.mapColumns:270: FITS: Z_DR7Q_SCH -> SQL: z_dr7q_sch
DEBUG:digestor.sdss.SDSS.mapColumns:270: FITS: IS_QSO_DR7Q -> SQL: is_qso_dr7q
DEBUG:digestor.sdss.SDSS.mapColumns:270: FITS: Z_DR6Q_HW -> SQL: z_dr6q_hw
DEBUG:digestor.sdss.SDSS.mapColumns:270: FITS: Z_DR7Q_HW -> SQL: z_dr7q_hw
DEBUG:digestor.sdss.SDSS.mapColumns:270: FITS: IS_QSO_FINAL -> SQL: is_qso_final
DEBUG:digestor.sdss.SDSS.mapColumns:270: FITS: Z -> SQL: z
ERROR:digestor.sdss.SDSS.mapColumns:264: Could not find a FITS column corresponding to source_z!
